\BOOKMARK [1][-]{section.1}{Einf\374hrung}{}% 1
\BOOKMARK [2][-]{subsection.1.1}{Ziele}{section.1}% 2
\BOOKMARK [2][-]{subsection.1.2}{Voraussetzungen}{section.1}% 3
\BOOKMARK [2][-]{subsection.1.3}{Aufgabenstellung}{section.1}% 4
\BOOKMARK [2][-]{subsection.1.4}{Bewertung}{section.1}% 5
\BOOKMARK [2][-]{subsection.1.5}{Quellen}{section.1}% 6
\BOOKMARK [1][-]{section.2}{Ergebnisse}{}% 7
\BOOKMARK [2][-]{subsection.2.1}{Projekt}{section.2}% 8
\BOOKMARK [2][-]{subsection.2.2}{Module}{section.2}% 9
\BOOKMARK [3][-]{subsubsection.2.2.1}{Compute}{subsection.2.2}% 10
\BOOKMARK [3][-]{subsubsection.2.2.2}{Task}{subsection.2.2}% 11
\BOOKMARK [3][-]{subsubsection.2.2.3}{Fibonacci}{subsection.2.2}% 12
\BOOKMARK [3][-]{subsubsection.2.2.4}{Pi}{subsection.2.2}% 13
\BOOKMARK [2][-]{subsection.2.3}{Client}{section.2}% 14
\BOOKMARK [3][-]{subsubsection.2.3.1}{Beispiel}{subsection.2.3}% 15
\BOOKMARK [2][-]{subsection.2.4}{Server}{section.2}% 16
\BOOKMARK [2][-]{subsection.2.5}{Proxy}{section.2}% 17
\BOOKMARK [3][-]{subsubsection.2.5.1}{Idee}{subsection.2.5}% 18
\BOOKMARK [3][-]{subsubsection.2.5.2}{Implementierung}{subsection.2.5}% 19
\BOOKMARK [2][-]{subsection.2.6}{Glossar}{section.2}% 20
